
AVRASM ver. 2.1.30  D:\Projects\proteus\tasks\task3\hw2\Debug\List\alphobet.asm Mon Dec 28 16:27:47 2020

D:\Projects\proteus\tasks\task3\hw2\Debug\List\alphobet.asm(1088): warning: Register r4 already defined by the .DEF directive
D:\Projects\proteus\tasks\task3\hw2\Debug\List\alphobet.asm(1089): warning: Register r5 already defined by the .DEF directive
D:\Projects\proteus\tasks\task3\hw2\Debug\List\alphobet.asm(1090): warning: Register r7 already defined by the .DEF directive
D:\Projects\proteus\tasks\task3\hw2\Debug\List\alphobet.asm(1091): warning: Register r6 already defined by the .DEF directive
D:\Projects\proteus\tasks\task3\hw2\Debug\List\alphobet.asm(1092): warning: Register r9 already defined by the .DEF directive
                 
                 
                 ;CodeVisionAVR C Compiler V3.12 Advanced
                 ;(C) Copyright 1998-2014 Pavel Haiduc, HP InfoTech s.r.l.
                 ;http://www.hpinfotech.com
                 
                 ;Build configuration    : Debug
                 ;Chip type              : ATmega16
                 ;Program type           : Application
                 ;Clock frequency        : 1.000000 MHz
                 ;Memory model           : Small
                 ;Optimize for           : Size
                 ;(s)printf features     : int, width
                 ;(s)scanf features      : int, width
                 ;External RAM size      : 0
                 ;Data Stack size        : 256 byte(s)
                 ;Heap size              : 0 byte(s)
                 ;Promote 'char' to 'int': Yes
                 ;'char' is unsigned     : Yes
                 ;8 bit enums            : Yes
                 ;Global 'const' stored in FLASH: Yes
                 ;Enhanced function parameter passing: Yes
                 ;Enhanced core instructions: On
                 ;Automatic register allocation for global variables: On
                 ;Smart register allocation: On
                 
                 	#define _MODEL_SMALL_
                 
                 	#pragma AVRPART ADMIN PART_NAME ATmega16
                 	#pragma AVRPART MEMORY PROG_FLASH 16384
                 	#pragma AVRPART MEMORY EEPROM 512
                 	#pragma AVRPART MEMORY INT_SRAM SIZE 1024
                 	#pragma AVRPART MEMORY INT_SRAM START_ADDR 0x60
                 
                 	#define CALL_SUPPORTED 1
                 
                 	.LISTMAC
                 	.EQU UDRE=0x5
                 	.EQU RXC=0x7
                 	.EQU USR=0xB
                 	.EQU UDR=0xC
                 	.EQU SPSR=0xE
                 	.EQU SPDR=0xF
                 	.EQU EERE=0x0
                 	.EQU EEWE=0x1
                 	.EQU EEMWE=0x2
                 	.EQU EECR=0x1C
                 	.EQU EEDR=0x1D
                 	.EQU EEARL=0x1E
                 	.EQU EEARH=0x1F
                 	.EQU WDTCR=0x21
                 	.EQU MCUCR=0x35
                 	.EQU GICR=0x3B
                 	.EQU SPL=0x3D
                 	.EQU SPH=0x3E
                 	.EQU SREG=0x3F
                 
                 	.DEF R0X0=R0
                 	.DEF R0X1=R1
                 	.DEF R0X2=R2
                 	.DEF R0X3=R3
                 	.DEF R0X4=R4
                 	.DEF R0X5=R5
                 	.DEF R0X6=R6
                 	.DEF R0X7=R7
                 	.DEF R0X8=R8
                 	.DEF R0X9=R9
                 	.DEF R0XA=R10
                 	.DEF R0XB=R11
                 	.DEF R0XC=R12
                 	.DEF R0XD=R13
                 	.DEF R0XE=R14
                 	.DEF R0XF=R15
                 	.DEF R0X10=R16
                 	.DEF R0X11=R17
                 	.DEF R0X12=R18
                 	.DEF R0X13=R19
                 	.DEF R0X14=R20
                 	.DEF R0X15=R21
                 	.DEF R0X16=R22
                 	.DEF R0X17=R23
                 	.DEF R0X18=R24
                 	.DEF R0X19=R25
                 	.DEF R0X1A=R26
                 	.DEF R0X1B=R27
                 	.DEF R0X1C=R28
                 	.DEF R0X1D=R29
                 	.DEF R0X1E=R30
                 	.DEF R0X1F=R31
                 
                 	.EQU __SRAM_START=0x0060
                 	.EQU __SRAM_END=0x045F
                 	.EQU __DSTACK_SIZE=0x0100
                 	.EQU __HEAP_SIZE=0x0000
                 	.EQU __CLEAR_SRAM_SIZE=__SRAM_END-__SRAM_START+1
                 
                 	.MACRO __CPD1N
                 	CPI  R30,LOW(@0)
                 	LDI  R26,HIGH(@0)
                 	CPC  R31,R26
                 	LDI  R26,BYTE3(@0)
                 	CPC  R22,R26
                 	LDI  R26,BYTE4(@0)
                 	CPC  R23,R26
                 	.ENDM
                 
                 	.MACRO __CPD2N
                 	CPI  R26,LOW(@0)
                 	LDI  R30,HIGH(@0)
                 	CPC  R27,R30
                 	LDI  R30,BYTE3(@0)
                 	CPC  R24,R30
                 	LDI  R30,BYTE4(@0)
                 	CPC  R25,R30
                 	.ENDM
                 
                 	.MACRO __CPWRR
                 	CP   R@0,R@2
                 	CPC  R@1,R@3
                 	.ENDM
                 
                 	.MACRO __CPWRN
                 	CPI  R@0,LOW(@2)
                 	LDI  R30,HIGH(@2)
                 	CPC  R@1,R30
                 	.ENDM
                 
                 	.MACRO __ADDB1MN
                 	SUBI R30,LOW(-@0-(@1))
                 	.ENDM
                 
                 	.MACRO __ADDB2MN
                 	SUBI R26,LOW(-@0-(@1))
                 	.ENDM
                 
                 	.MACRO __ADDW1MN
                 	SUBI R30,LOW(-@0-(@1))
                 	SBCI R31,HIGH(-@0-(@1))
                 	.ENDM
                 
                 	.MACRO __ADDW2MN
                 	SUBI R26,LOW(-@0-(@1))
                 	SBCI R27,HIGH(-@0-(@1))
                 	.ENDM
                 
                 	.MACRO __ADDW1FN
                 	SUBI R30,LOW(-2*@0-(@1))
                 	SBCI R31,HIGH(-2*@0-(@1))
                 	.ENDM
                 
                 	.MACRO __ADDD1FN
                 	SUBI R30,LOW(-2*@0-(@1))
                 	SBCI R31,HIGH(-2*@0-(@1))
                 	SBCI R22,BYTE3(-2*@0-(@1))
                 	.ENDM
                 
                 	.MACRO __ADDD1N
                 	SUBI R30,LOW(-@0)
                 	SBCI R31,HIGH(-@0)
                 	SBCI R22,BYTE3(-@0)
                 	SBCI R23,BYTE4(-@0)
                 	.ENDM
                 
                 	.MACRO __ADDD2N
                 	SUBI R26,LOW(-@0)
                 	SBCI R27,HIGH(-@0)
                 	SBCI R24,BYTE3(-@0)
                 	SBCI R25,BYTE4(-@0)
                 	.ENDM
                 
                 	.MACRO __SUBD1N
                 	SUBI R30,LOW(@0)
                 	SBCI R31,HIGH(@0)
                 	SBCI R22,BYTE3(@0)
                 	SBCI R23,BYTE4(@0)
                 	.ENDM
                 
                 	.MACRO __SUBD2N
                 	SUBI R26,LOW(@0)
                 	SBCI R27,HIGH(@0)
                 	SBCI R24,BYTE3(@0)
                 	SBCI R25,BYTE4(@0)
                 	.ENDM
                 
                 	.MACRO __ANDBMNN
                 	LDS  R30,@0+(@1)
                 	ANDI R30,LOW(@2)
                 	STS  @0+(@1),R30
                 	.ENDM
                 
                 	.MACRO __ANDWMNN
                 	LDS  R30,@0+(@1)
                 	ANDI R30,LOW(@2)
                 	STS  @0+(@1),R30
                 	LDS  R30,@0+(@1)+1
                 	ANDI R30,HIGH(@2)
                 	STS  @0+(@1)+1,R30
                 	.ENDM
                 
                 	.MACRO __ANDD1N
                 	ANDI R30,LOW(@0)
                 	ANDI R31,HIGH(@0)
                 	ANDI R22,BYTE3(@0)
                 	ANDI R23,BYTE4(@0)
                 	.ENDM
                 
                 	.MACRO __ANDD2N
                 	ANDI R26,LOW(@0)
                 	ANDI R27,HIGH(@0)
                 	ANDI R24,BYTE3(@0)
                 	ANDI R25,BYTE4(@0)
                 	.ENDM
                 
                 	.MACRO __ORBMNN
                 	LDS  R30,@0+(@1)
                 	ORI  R30,LOW(@2)
                 	STS  @0+(@1),R30
                 	.ENDM
                 
                 	.MACRO __ORWMNN
                 	LDS  R30,@0+(@1)
                 	ORI  R30,LOW(@2)
                 	STS  @0+(@1),R30
                 	LDS  R30,@0+(@1)+1
                 	ORI  R30,HIGH(@2)
                 	STS  @0+(@1)+1,R30
                 	.ENDM
                 
                 	.MACRO __ORD1N
                 	ORI  R30,LOW(@0)
                 	ORI  R31,HIGH(@0)
                 	ORI  R22,BYTE3(@0)
                 	ORI  R23,BYTE4(@0)
                 	.ENDM
                 
                 	.MACRO __ORD2N
                 	ORI  R26,LOW(@0)
                 	ORI  R27,HIGH(@0)
                 	ORI  R24,BYTE3(@0)
                 	ORI  R25,BYTE4(@0)
                 	.ENDM
                 
                 	.MACRO __DELAY_USB
                 	LDI  R24,LOW(@0)
                 __DELAY_USB_LOOP:
                 	DEC  R24
                 	BRNE __DELAY_USB_LOOP
                 	.ENDM
                 
                 	.MACRO __DELAY_USW
                 	LDI  R24,LOW(@0)
                 	LDI  R25,HIGH(@0)
                 __DELAY_USW_LOOP:
                 	SBIW R24,1
                 	BRNE __DELAY_USW_LOOP
                 	.ENDM
                 
                 	.MACRO __GETD1S
                 	LDD  R30,Y+@0
                 	LDD  R31,Y+@0+1
                 	LDD  R22,Y+@0+2
                 	LDD  R23,Y+@0+3
                 	.ENDM
                 
                 	.MACRO __GETD2S
                 	LDD  R26,Y+@0
                 	LDD  R27,Y+@0+1
                 	LDD  R24,Y+@0+2
                 	LDD  R25,Y+@0+3
                 	.ENDM
                 
                 	.MACRO __PUTD1S
                 	STD  Y+@0,R30
                 	STD  Y+@0+1,R31
                 	STD  Y+@0+2,R22
                 	STD  Y+@0+3,R23
                 	.ENDM
                 
                 	.MACRO __PUTD2S
                 	STD  Y+@0,R26
                 	STD  Y+@0+1,R27
                 	STD  Y+@0+2,R24
                 	STD  Y+@0+3,R25
                 	.ENDM
                 
                 	.MACRO __PUTDZ2
                 	STD  Z+@0,R26
                 	STD  Z+@0+1,R27
                 	STD  Z+@0+2,R24
                 	STD  Z+@0+3,R25
                 	.ENDM
                 
                 	.MACRO __CLRD1S
                 	STD  Y+@0,R30
                 	STD  Y+@0+1,R30
                 	STD  Y+@0+2,R30
                 	STD  Y+@0+3,R30
                 	.ENDM
                 
                 	.MACRO __POINTB1MN
                 	LDI  R30,LOW(@0+(@1))
                 	.ENDM
                 
                 	.MACRO __POINTW1MN
                 	LDI  R30,LOW(@0+(@1))
                 	LDI  R31,HIGH(@0+(@1))
                 	.ENDM
                 
                 	.MACRO __POINTD1M
                 	LDI  R30,LOW(@0)
                 	LDI  R31,HIGH(@0)
                 	LDI  R22,BYTE3(@0)
                 	LDI  R23,BYTE4(@0)
                 	.ENDM
                 
                 	.MACRO __POINTW1FN
                 	LDI  R30,LOW(2*@0+(@1))
                 	LDI  R31,HIGH(2*@0+(@1))
                 	.ENDM
                 
                 	.MACRO __POINTD1FN
                 	LDI  R30,LOW(2*@0+(@1))
                 	LDI  R31,HIGH(2*@0+(@1))
                 	LDI  R22,BYTE3(2*@0+(@1))
                 	LDI  R23,BYTE4(2*@0+(@1))
                 	.ENDM
                 
                 	.MACRO __POINTB2MN
                 	LDI  R26,LOW(@0+(@1))
                 	.ENDM
                 
                 	.MACRO __POINTW2MN
                 	LDI  R26,LOW(@0+(@1))
                 	LDI  R27,HIGH(@0+(@1))
                 	.ENDM
                 
                 	.MACRO __POINTW2FN
                 	LDI  R26,LOW(2*@0+(@1))
                 	LDI  R27,HIGH(2*@0+(@1))
                 	.ENDM
                 
                 	.MACRO __POINTD2FN
                 	LDI  R26,LOW(2*@0+(@1))
                 	LDI  R27,HIGH(2*@0+(@1))
                 	LDI  R24,BYTE3(2*@0+(@1))
                 	LDI  R25,BYTE4(2*@0+(@1))
                 	.ENDM
                 
                 	.MACRO __POINTBRM
                 	LDI  R@0,LOW(@1)
                 	.ENDM
                 
                 	.MACRO __POINTWRM
                 	LDI  R@0,LOW(@2)
                 	LDI  R@1,HIGH(@2)
                 	.ENDM
                 
                 	.MACRO __POINTBRMN
                 	LDI  R@0,LOW(@1+(@2))
                 	.ENDM
                 
                 	.MACRO __POINTWRMN
                 	LDI  R@0,LOW(@2+(@3))
                 	LDI  R@1,HIGH(@2+(@3))
                 	.ENDM
                 
                 	.MACRO __POINTWRFN
                 	LDI  R@0,LOW(@2*2+(@3))
                 	LDI  R@1,HIGH(@2*2+(@3))
                 	.ENDM
                 
                 	.MACRO __GETD1N
                 	LDI  R30,LOW(@0)
                 	LDI  R31,HIGH(@0)
                 	LDI  R22,BYTE3(@0)
                 	LDI  R23,BYTE4(@0)
                 	.ENDM
                 
                 	.MACRO __GETD2N
                 	LDI  R26,LOW(@0)
                 	LDI  R27,HIGH(@0)
                 	LDI  R24,BYTE3(@0)
                 	LDI  R25,BYTE4(@0)
                 	.ENDM
                 
                 	.MACRO __GETB1MN
                 	LDS  R30,@0+(@1)
                 	.ENDM
                 
                 	.MACRO __GETB1HMN
                 	LDS  R31,@0+(@1)
                 	.ENDM
                 
                 	.MACRO __GETW1MN
                 	LDS  R30,@0+(@1)
                 	LDS  R31,@0+(@1)+1
                 	.ENDM
                 
                 	.MACRO __GETD1MN
                 	LDS  R30,@0+(@1)
                 	LDS  R31,@0+(@1)+1
                 	LDS  R22,@0+(@1)+2
                 	LDS  R23,@0+(@1)+3
                 	.ENDM
                 
                 	.MACRO __GETBRMN
                 	LDS  R@0,@1+(@2)
                 	.ENDM
                 
                 	.MACRO __GETWRMN
                 	LDS  R@0,@2+(@3)
                 	LDS  R@1,@2+(@3)+1
                 	.ENDM
                 
                 	.MACRO __GETWRZ
                 	LDD  R@0,Z+@2
                 	LDD  R@1,Z+@2+1
                 	.ENDM
                 
                 	.MACRO __GETD2Z
                 	LDD  R26,Z+@0
                 	LDD  R27,Z+@0+1
                 	LDD  R24,Z+@0+2
                 	LDD  R25,Z+@0+3
                 	.ENDM
                 
                 	.MACRO __GETB2MN
                 	LDS  R26,@0+(@1)
                 	.ENDM
                 
                 	.MACRO __GETW2MN
                 	LDS  R26,@0+(@1)
                 	LDS  R27,@0+(@1)+1
                 	.ENDM
                 
                 	.MACRO __GETD2MN
                 	LDS  R26,@0+(@1)
                 	LDS  R27,@0+(@1)+1
                 	LDS  R24,@0+(@1)+2
                 	LDS  R25,@0+(@1)+3
                 	.ENDM
                 
                 	.MACRO __PUTB1MN
                 	STS  @0+(@1),R30
                 	.ENDM
                 
                 	.MACRO __PUTW1MN
                 	STS  @0+(@1),R30
                 	STS  @0+(@1)+1,R31
                 	.ENDM
                 
                 	.MACRO __PUTD1MN
                 	STS  @0+(@1),R30
                 	STS  @0+(@1)+1,R31
                 	STS  @0+(@1)+2,R22
                 	STS  @0+(@1)+3,R23
                 	.ENDM
                 
                 	.MACRO __PUTB1EN
                 	LDI  R26,LOW(@0+(@1))
                 	LDI  R27,HIGH(@0+(@1))
                 	CALL __EEPROMWRB
                 	.ENDM
                 
                 	.MACRO __PUTW1EN
                 	LDI  R26,LOW(@0+(@1))
                 	LDI  R27,HIGH(@0+(@1))
                 	CALL __EEPROMWRW
                 	.ENDM
                 
                 	.MACRO __PUTD1EN
                 	LDI  R26,LOW(@0+(@1))
                 	LDI  R27,HIGH(@0+(@1))
                 	CALL __EEPROMWRD
                 	.ENDM
                 
                 	.MACRO __PUTBR0MN
                 	STS  @0+(@1),R0
                 	.ENDM
                 
                 	.MACRO __PUTBMRN
                 	STS  @0+(@1),R@2
                 	.ENDM
                 
                 	.MACRO __PUTWMRN
                 	STS  @0+(@1),R@2
                 	STS  @0+(@1)+1,R@3
                 	.ENDM
                 
                 	.MACRO __PUTBZR
                 	STD  Z+@1,R@0
                 	.ENDM
                 
                 	.MACRO __PUTWZR
                 	STD  Z+@2,R@0
                 	STD  Z+@2+1,R@1
                 	.ENDM
                 
                 	.MACRO __GETW1R
                 	MOV  R30,R@0
                 	MOV  R31,R@1
                 	.ENDM
                 
                 	.MACRO __GETW2R
                 	MOV  R26,R@0
                 	MOV  R27,R@1
                 	.ENDM
                 
                 	.MACRO __GETWRN
                 	LDI  R@0,LOW(@2)
                 	LDI  R@1,HIGH(@2)
                 	.ENDM
                 
                 	.MACRO __PUTW1R
                 	MOV  R@0,R30
                 	MOV  R@1,R31
                 	.ENDM
                 
                 	.MACRO __PUTW2R
                 	MOV  R@0,R26
                 	MOV  R@1,R27
                 	.ENDM
                 
                 	.MACRO __ADDWRN
                 	SUBI R@0,LOW(-@2)
                 	SBCI R@1,HIGH(-@2)
                 	.ENDM
                 
                 	.MACRO __ADDWRR
                 	ADD  R@0,R@2
                 	ADC  R@1,R@3
                 	.ENDM
                 
                 	.MACRO __SUBWRN
                 	SUBI R@0,LOW(@2)
                 	SBCI R@1,HIGH(@2)
                 	.ENDM
                 
                 	.MACRO __SUBWRR
                 	SUB  R@0,R@2
                 	SBC  R@1,R@3
                 	.ENDM
                 
                 	.MACRO __ANDWRN
                 	ANDI R@0,LOW(@2)
                 	ANDI R@1,HIGH(@2)
                 	.ENDM
                 
                 	.MACRO __ANDWRR
                 	AND  R@0,R@2
                 	AND  R@1,R@3
                 	.ENDM
                 
                 	.MACRO __ORWRN
                 	ORI  R@0,LOW(@2)
                 	ORI  R@1,HIGH(@2)
                 	.ENDM
                 
                 	.MACRO __ORWRR
                 	OR   R@0,R@2
                 	OR   R@1,R@3
                 	.ENDM
                 
                 	.MACRO __EORWRR
                 	EOR  R@0,R@2
                 	EOR  R@1,R@3
                 	.ENDM
                 
                 	.MACRO __GETWRS
                 	LDD  R@0,Y+@2
                 	LDD  R@1,Y+@2+1
                 	.ENDM
                 
                 	.MACRO __PUTBSR
                 	STD  Y+@1,R@0
                 	.ENDM
                 
                 	.MACRO __PUTWSR
                 	STD  Y+@2,R@0
                 	STD  Y+@2+1,R@1
                 	.ENDM
                 
                 	.MACRO __MOVEWRR
                 	MOV  R@0,R@2
                 	MOV  R@1,R@3
                 	.ENDM
                 
                 	.MACRO __INWR
                 	IN   R@0,@2
                 	IN   R@1,@2+1
                 	.ENDM
                 
                 	.MACRO __OUTWR
                 	OUT  @2+1,R@1
                 	OUT  @2,R@0
                 	.ENDM
                 
                 	.MACRO __CALL1MN
                 	LDS  R30,@0+(@1)
                 	LDS  R31,@0+(@1)+1
                 	ICALL
                 	.ENDM
                 
                 	.MACRO __CALL1FN
                 	LDI  R30,LOW(2*@0+(@1))
                 	LDI  R31,HIGH(2*@0+(@1))
                 	CALL __GETW1PF
                 	ICALL
                 	.ENDM
                 
                 	.MACRO __CALL2EN
                 	PUSH R26
                 	PUSH R27
                 	LDI  R26,LOW(@0+(@1))
                 	LDI  R27,HIGH(@0+(@1))
                 	CALL __EEPROMRDW
                 	POP  R27
                 	POP  R26
                 	ICALL
                 	.ENDM
                 
                 	.MACRO __CALL2EX
                 	SUBI R26,LOW(-@0)
                 	SBCI R27,HIGH(-@0)
                 	CALL __EEPROMRDD
                 	ICALL
                 	.ENDM
                 
                 	.MACRO __GETW1STACK
                 	IN   R30,SPL
                 	IN   R31,SPH
                 	ADIW R30,@0+1
                 	LD   R0,Z+
                 	LD   R31,Z
                 	MOV  R30,R0
                 	.ENDM
                 
                 	.MACRO __GETD1STACK
                 	IN   R30,SPL
                 	IN   R31,SPH
                 	ADIW R30,@0+1
                 	LD   R0,Z+
                 	LD   R1,Z+
                 	LD   R22,Z
                 	MOVW R30,R0
                 	.ENDM
                 
                 	.MACRO __NBST
                 	BST  R@0,@1
                 	IN   R30,SREG
                 	LDI  R31,0x40
                 	EOR  R30,R31
                 	OUT  SREG,R30
                 	.ENDM
                 
                 
                 	.MACRO __PUTB1SN
                 	LDD  R26,Y+@0
                 	LDD  R27,Y+@0+1
                 	SUBI R26,LOW(-@1)
                 	SBCI R27,HIGH(-@1)
                 	ST   X,R30
                 	.ENDM
                 
                 	.MACRO __PUTW1SN
                 	LDD  R26,Y+@0
                 	LDD  R27,Y+@0+1
                 	SUBI R26,LOW(-@1)
                 	SBCI R27,HIGH(-@1)
                 	ST   X+,R30
                 	ST   X,R31
                 	.ENDM
                 
                 	.MACRO __PUTD1SN
                 	LDD  R26,Y+@0
                 	LDD  R27,Y+@0+1
                 	SUBI R26,LOW(-@1)
                 	SBCI R27,HIGH(-@1)
                 	CALL __PUTDP1
                 	.ENDM
                 
                 	.MACRO __PUTB1SNS
                 	LDD  R26,Y+@0
                 	LDD  R27,Y+@0+1
                 	ADIW R26,@1
                 	ST   X,R30
                 	.ENDM
                 
                 	.MACRO __PUTW1SNS
                 	LDD  R26,Y+@0
                 	LDD  R27,Y+@0+1
                 	ADIW R26,@1
                 	ST   X+,R30
                 	ST   X,R31
                 	.ENDM
                 
                 	.MACRO __PUTD1SNS
                 	LDD  R26,Y+@0
                 	LDD  R27,Y+@0+1
                 	ADIW R26,@1
                 	CALL __PUTDP1
                 	.ENDM
                 
                 	.MACRO __PUTB1PMN
                 	LDS  R26,@0
                 	LDS  R27,@0+1
                 	SUBI R26,LOW(-@1)
                 	SBCI R27,HIGH(-@1)
                 	ST   X,R30
                 	.ENDM
                 
                 	.MACRO __PUTW1PMN
                 	LDS  R26,@0
                 	LDS  R27,@0+1
                 	SUBI R26,LOW(-@1)
                 	SBCI R27,HIGH(-@1)
                 	ST   X+,R30
                 	ST   X,R31
                 	.ENDM
                 
                 	.MACRO __PUTD1PMN
                 	LDS  R26,@0
                 	LDS  R27,@0+1
                 	SUBI R26,LOW(-@1)
                 	SBCI R27,HIGH(-@1)
                 	CALL __PUTDP1
                 	.ENDM
                 
                 	.MACRO __PUTB1PMNS
                 	LDS  R26,@0
                 	LDS  R27,@0+1
                 	ADIW R26,@1
                 	ST   X,R30
                 	.ENDM
                 
                 	.MACRO __PUTW1PMNS
                 	LDS  R26,@0
                 	LDS  R27,@0+1
                 	ADIW R26,@1
                 	ST   X+,R30
                 	ST   X,R31
                 	.ENDM
                 
                 	.MACRO __PUTD1PMNS
                 	LDS  R26,@0
                 	LDS  R27,@0+1
                 	ADIW R26,@1
                 	CALL __PUTDP1
                 	.ENDM
                 
                 	.MACRO __PUTB1RN
                 	MOVW R26,R@0
                 	SUBI R26,LOW(-@1)
                 	SBCI R27,HIGH(-@1)
                 	ST   X,R30
                 	.ENDM
                 
                 	.MACRO __PUTW1RN
                 	MOVW R26,R@0
                 	SUBI R26,LOW(-@1)
                 	SBCI R27,HIGH(-@1)
                 	ST   X+,R30
                 	ST   X,R31
                 	.ENDM
                 
                 	.MACRO __PUTD1RN
                 	MOVW R26,R@0
                 	SUBI R26,LOW(-@1)
                 	SBCI R27,HIGH(-@1)
                 	CALL __PUTDP1
                 	.ENDM
                 
                 	.MACRO __PUTB1RNS
                 	MOVW R26,R@0
                 	ADIW R26,@1
                 	ST   X,R30
                 	.ENDM
                 
                 	.MACRO __PUTW1RNS
                 	MOVW R26,R@0
                 	ADIW R26,@1
                 	ST   X+,R30
                 	ST   X,R31
                 	.ENDM
                 
                 	.MACRO __PUTD1RNS
                 	MOVW R26,R@0
                 	ADIW R26,@1
                 	CALL __PUTDP1
                 	.ENDM
                 
                 	.MACRO __PUTB1RON
                 	MOV  R26,R@0
                 	MOV  R27,R@1
                 	SUBI R26,LOW(-@2)
                 	SBCI R27,HIGH(-@2)
                 	ST   X,R30
                 	.ENDM
                 
                 	.MACRO __PUTW1RON
                 	MOV  R26,R@0
                 	MOV  R27,R@1
                 	SUBI R26,LOW(-@2)
                 	SBCI R27,HIGH(-@2)
                 	ST   X+,R30
                 	ST   X,R31
                 	.ENDM
                 
                 	.MACRO __PUTD1RON
                 	MOV  R26,R@0
                 	MOV  R27,R@1
                 	SUBI R26,LOW(-@2)
                 	SBCI R27,HIGH(-@2)
                 	CALL __PUTDP1
                 	.ENDM
                 
                 	.MACRO __PUTB1RONS
                 	MOV  R26,R@0
                 	MOV  R27,R@1
                 	ADIW R26,@2
                 	ST   X,R30
                 	.ENDM
                 
                 	.MACRO __PUTW1RONS
                 	MOV  R26,R@0
                 	MOV  R27,R@1
                 	ADIW R26,@2
                 	ST   X+,R30
                 	ST   X,R31
                 	.ENDM
                 
                 	.MACRO __PUTD1RONS
                 	MOV  R26,R@0
                 	MOV  R27,R@1
                 	ADIW R26,@2
                 	CALL __PUTDP1
                 	.ENDM
                 
                 
                 	.MACRO __GETB1SX
                 	MOVW R30,R28
                 	SUBI R30,LOW(-@0)
                 	SBCI R31,HIGH(-@0)
                 	LD   R30,Z
                 	.ENDM
                 
                 	.MACRO __GETB1HSX
                 	MOVW R30,R28
                 	SUBI R30,LOW(-@0)
                 	SBCI R31,HIGH(-@0)
                 	LD   R31,Z
                 	.ENDM
                 
                 	.MACRO __GETW1SX
                 	MOVW R30,R28
                 	SUBI R30,LOW(-@0)
                 	SBCI R31,HIGH(-@0)
                 	LD   R0,Z+
                 	LD   R31,Z
                 	MOV  R30,R0
                 	.ENDM
                 
                 	.MACRO __GETD1SX
                 	MOVW R30,R28
                 	SUBI R30,LOW(-@0)
                 	SBCI R31,HIGH(-@0)
                 	LD   R0,Z+
                 	LD   R1,Z+
                 	LD   R22,Z+
                 	LD   R23,Z
                 	MOVW R30,R0
                 	.ENDM
                 
                 	.MACRO __GETB2SX
                 	MOVW R26,R28
                 	SUBI R26,LOW(-@0)
                 	SBCI R27,HIGH(-@0)
                 	LD   R26,X
                 	.ENDM
                 
                 	.MACRO __GETW2SX
                 	MOVW R26,R28
                 	SUBI R26,LOW(-@0)
                 	SBCI R27,HIGH(-@0)
                 	LD   R0,X+
                 	LD   R27,X
                 	MOV  R26,R0
                 	.ENDM
                 
                 	.MACRO __GETD2SX
                 	MOVW R26,R28
                 	SUBI R26,LOW(-@0)
                 	SBCI R27,HIGH(-@0)
                 	LD   R0,X+
                 	LD   R1,X+
                 	LD   R24,X+
                 	LD   R25,X
                 	MOVW R26,R0
                 	.ENDM
                 
                 	.MACRO __GETBRSX
                 	MOVW R30,R28
                 	SUBI R30,LOW(-@1)
                 	SBCI R31,HIGH(-@1)
                 	LD   R@0,Z
                 	.ENDM
                 
                 	.MACRO __GETWRSX
                 	MOVW R30,R28
                 	SUBI R30,LOW(-@2)
                 	SBCI R31,HIGH(-@2)
                 	LD   R@0,Z+
                 	LD   R@1,Z
                 	.ENDM
                 
                 	.MACRO __GETBRSX2
                 	MOVW R26,R28
                 	SUBI R26,LOW(-@1)
                 	SBCI R27,HIGH(-@1)
                 	LD   R@0,X
                 	.ENDM
                 
                 	.MACRO __GETWRSX2
                 	MOVW R26,R28
                 	SUBI R26,LOW(-@2)
                 	SBCI R27,HIGH(-@2)
                 	LD   R@0,X+
                 	LD   R@1,X
                 	.ENDM
                 
                 	.MACRO __LSLW8SX
                 	MOVW R30,R28
                 	SUBI R30,LOW(-@0)
                 	SBCI R31,HIGH(-@0)
                 	LD   R31,Z
                 	CLR  R30
                 	.ENDM
                 
                 	.MACRO __PUTB1SX
                 	MOVW R26,R28
                 	SUBI R26,LOW(-@0)
                 	SBCI R27,HIGH(-@0)
                 	ST   X,R30
                 	.ENDM
                 
                 	.MACRO __PUTW1SX
                 	MOVW R26,R28
                 	SUBI R26,LOW(-@0)
                 	SBCI R27,HIGH(-@0)
                 	ST   X+,R30
                 	ST   X,R31
                 	.ENDM
                 
                 	.MACRO __PUTD1SX
                 	MOVW R26,R28
                 	SUBI R26,LOW(-@0)
                 	SBCI R27,HIGH(-@0)
                 	ST   X+,R30
                 	ST   X+,R31
                 	ST   X+,R22
                 	ST   X,R23
                 	.ENDM
                 
                 	.MACRO __CLRW1SX
                 	MOVW R26,R28
                 	SUBI R26,LOW(-@0)
                 	SBCI R27,HIGH(-@0)
                 	ST   X+,R30
                 	ST   X,R30
                 	.ENDM
                 
                 	.MACRO __CLRD1SX
                 	MOVW R26,R28
                 	SUBI R26,LOW(-@0)
                 	SBCI R27,HIGH(-@0)
                 	ST   X+,R30
                 	ST   X+,R30
                 	ST   X+,R30
                 	ST   X,R30
                 	.ENDM
                 
                 	.MACRO __PUTB2SX
                 	MOVW R30,R28
                 	SUBI R30,LOW(-@0)
                 	SBCI R31,HIGH(-@0)
                 	ST   Z,R26
                 	.ENDM
                 
                 	.MACRO __PUTW2SX
                 	MOVW R30,R28
                 	SUBI R30,LOW(-@0)
                 	SBCI R31,HIGH(-@0)
                 	ST   Z+,R26
                 	ST   Z,R27
                 	.ENDM
                 
                 	.MACRO __PUTD2SX
                 	MOVW R30,R28
                 	SUBI R30,LOW(-@0)
                 	SBCI R31,HIGH(-@0)
                 	ST   Z+,R26
                 	ST   Z+,R27
                 	ST   Z+,R24
                 	ST   Z,R25
                 	.ENDM
                 
                 	.MACRO __PUTBSRX
                 	MOVW R30,R28
                 	SUBI R30,LOW(-@1)
                 	SBCI R31,HIGH(-@1)
                 	ST   Z,R@0
                 	.ENDM
                 
                 	.MACRO __PUTWSRX
                 	MOVW R30,R28
                 	SUBI R30,LOW(-@2)
                 	SBCI R31,HIGH(-@2)
                 	ST   Z+,R@0
                 	ST   Z,R@1
                 	.ENDM
                 
                 	.MACRO __PUTB1SNX
                 	MOVW R26,R28
                 	SUBI R26,LOW(-@0)
                 	SBCI R27,HIGH(-@0)
                 	LD   R0,X+
                 	LD   R27,X
                 	MOV  R26,R0
                 	SUBI R26,LOW(-@1)
                 	SBCI R27,HIGH(-@1)
                 	ST   X,R30
                 	.ENDM
                 
                 	.MACRO __PUTW1SNX
                 	MOVW R26,R28
                 	SUBI R26,LOW(-@0)
                 	SBCI R27,HIGH(-@0)
                 	LD   R0,X+
                 	LD   R27,X
                 	MOV  R26,R0
                 	SUBI R26,LOW(-@1)
                 	SBCI R27,HIGH(-@1)
                 	ST   X+,R30
                 	ST   X,R31
                 	.ENDM
                 
                 	.MACRO __PUTD1SNX
                 	MOVW R26,R28
                 	SUBI R26,LOW(-@0)
                 	SBCI R27,HIGH(-@0)
                 	LD   R0,X+
                 	LD   R27,X
                 	MOV  R26,R0
                 	SUBI R26,LOW(-@1)
                 	SBCI R27,HIGH(-@1)
                 	ST   X+,R30
                 	ST   X+,R31
                 	ST   X+,R22
                 	ST   X,R23
                 	.ENDM
                 
                 	.MACRO __MULBRR
                 	MULS R@0,R@1
                 	MOVW R30,R0
                 	.ENDM
                 
                 	.MACRO __MULBRRU
                 	MUL  R@0,R@1
                 	MOVW R30,R0
                 	.ENDM
                 
                 	.MACRO __MULBRR0
                 	MULS R@0,R@1
                 	.ENDM
                 
                 	.MACRO __MULBRRU0
                 	MUL  R@0,R@1
                 	.ENDM
                 
                 	.MACRO __MULBNWRU
                 	LDI  R26,@2
                 	MUL  R26,R@0
                 	MOVW R30,R0
                 	MUL  R26,R@1
                 	ADD  R31,R0
                 	.ENDM
                 
                 ;NAME DEFINITIONS FOR GLOBAL VARIABLES ALLOCATED TO REGISTERS
                 	.DEF _counter=R4
                 	.DEF _counter_msb=R5
                 	.DEF __lcd_x=R7
                 	.DEF __lcd_y=R6
                 	.DEF __lcd_maxx=R9
                 
                 	.CSEG
                 	.ORG 0x00
                 
                 ;START OF CODE MARKER
                 __START_OF_CODE:
                 
                 ;INTERRUPT VECTORS
000000 940c 0033 	JMP  __RESET
000002 940c 0000 	JMP  0x00
000004 940c 0000 	JMP  0x00
000006 940c 0000 	JMP  0x00
000008 940c 0000 	JMP  0x00
00000a 940c 0000 	JMP  0x00
00000c 940c 0000 	JMP  0x00
00000e 940c 0000 	JMP  0x00
000010 940c 0000 	JMP  0x00
000012 940c 008d 	JMP  _timer0_ovf_isr
000014 940c 0000 	JMP  0x00
000016 940c 0000 	JMP  0x00
000018 940c 0000 	JMP  0x00
00001a 940c 0000 	JMP  0x00
00001c 940c 0000 	JMP  0x00
00001e 940c 0000 	JMP  0x00
000020 940c 0000 	JMP  0x00
000022 940c 0000 	JMP  0x00
000024 940c 0000 	JMP  0x00
000026 940c 0000 	JMP  0x00
000028 940c 0000 	JMP  0x00
                 
                 ;GLOBAL REGISTER VARIABLES INITIALIZATION
                 __REG_VARS:
00002a 1900      	.DB  0x0,0x19
                 
                 _0x2000003:
00002b c080      	.DB  0x80,0xC0
                 
                 __GLOBAL_INI_TBL:
00002c 0002      	.DW  0x02
00002d 0004      	.DW  0x04
00002e 0054      	.DW  __REG_VARS*2
                 
00002f 0002      	.DW  0x02
000030 0160      	.DW  __base_y_G100
000031 0056      	.DW  _0x2000003*2
                 
                 _0xFFFFFFFF:
000032 0000      	.DW  0
                 
                 #define __GLOBAL_INI_TBL_PRESENT 1
                 
                 __RESET:
000033 94f8      	CLI
000034 27ee      	CLR  R30
000035 bbec      	OUT  EECR,R30
                 
                 ;INTERRUPT VECTORS ARE PLACED
                 ;AT THE START OF FLASH
000036 e0f1      	LDI  R31,1
000037 bffb      	OUT  GICR,R31
000038 bfeb      	OUT  GICR,R30
000039 bfe5      	OUT  MCUCR,R30
                 
                 ;CLEAR R2-R14
00003a e08d      	LDI  R24,(14-2)+1
00003b e0a2      	LDI  R26,2
00003c 27bb      	CLR  R27
                 __CLEAR_REG:
00003d 93ed      	ST   X+,R30
00003e 958a      	DEC  R24
00003f f7e9      	BRNE __CLEAR_REG
                 
                 ;CLEAR SRAM
000040 e080      	LDI  R24,LOW(__CLEAR_SRAM_SIZE)
000041 e094      	LDI  R25,HIGH(__CLEAR_SRAM_SIZE)
000042 e6a0      	LDI  R26,__SRAM_START
                 __CLEAR_SRAM:
000043 93ed      	ST   X+,R30
000044 9701      	SBIW R24,1
000045 f7e9      	BRNE __CLEAR_SRAM
                 
                 ;GLOBAL VARIABLES INITIALIZATION
000046 e5e8      	LDI  R30,LOW(__GLOBAL_INI_TBL*2)
000047 e0f0      	LDI  R31,HIGH(__GLOBAL_INI_TBL*2)
                 __GLOBAL_INI_NEXT:
000048 9185      	LPM  R24,Z+
000049 9195      	LPM  R25,Z+
00004a 9700      	SBIW R24,0
00004b f061      	BREQ __GLOBAL_INI_END
00004c 91a5      	LPM  R26,Z+
00004d 91b5      	LPM  R27,Z+
00004e 9005      	LPM  R0,Z+
00004f 9015      	LPM  R1,Z+
000050 01bf      	MOVW R22,R30
000051 01f0      	MOVW R30,R0
                 __GLOBAL_INI_LOOP:
000052 9005      	LPM  R0,Z+
000053 920d      	ST   X+,R0
000054 9701      	SBIW R24,1
000055 f7e1      	BRNE __GLOBAL_INI_LOOP
000056 01fb      	MOVW R30,R22
000057 cff0      	RJMP __GLOBAL_INI_NEXT
                 __GLOBAL_INI_END:
                 
                 ;HARDWARE STACK POINTER INITIALIZATION
000058 e5ef      	LDI  R30,LOW(__SRAM_END-__HEAP_SIZE)
000059 bfed      	OUT  SPL,R30
00005a e0e4      	LDI  R30,HIGH(__SRAM_END-__HEAP_SIZE)
00005b bfee      	OUT  SPH,R30
                 
                 ;DATA STACK POINTER INITIALIZATION
00005c e6c0      	LDI  R28,LOW(__SRAM_START+__DSTACK_SIZE)
00005d e0d1      	LDI  R29,HIGH(__SRAM_START+__DSTACK_SIZE)
                 
00005e 940c 0060 	JMP  _main
                 
                 	.ESEG
                 	.ORG 0
                 
                 	.DSEG
                 	.ORG 0x160
                 
                 	.CSEG
                 ;/*******************************************************
                 ;This program was created by the
                 ;CodeWizardAVR V3.12 Advanced
                 ;Automatic Program Generator
                 ;© Copyright 1998-2014 Pavel Haiduc, HP InfoTech s.r.l.
                 ;http://www.hpinfotech.com
                 ;
                 ;Project :
                 ;Version :
                 ;Date    : 12/28/2020
                 ;Author  :
                 ;Company :
                 ;Comments:
                 ;
                 ;
                 ;Chip type               : ATmega16
                 ;Program type            : Application
                 ;AVR Core Clock frequency: 1.000000 MHz
                 ;Memory model            : Small
                 ;External RAM size       : 0
                 ;Data Stack size         : 256
                 ;*******************************************************/
                 ;
                 ;#include <mega16.h>
                 	#ifndef __SLEEP_DEFINED__
                 	#define __SLEEP_DEFINED__
                 	.EQU __se_bit=0x40
                 	.EQU __sm_mask=0xB0
                 	.EQU __sm_powerdown=0x20
                 	.EQU __sm_powersave=0x30
                 	.EQU __sm_standby=0xA0
                 	.EQU __sm_ext_standby=0xB0
                 	.EQU __sm_adc_noise_red=0x10
                 	.SET power_ctrl_reg=mcucr
                 	#endif
                 ;
                 ;// Alphanumeric LCD functions
                 ;#include <alcd.h>
                 ;
                 ;// Declare your global variables here
                 ;int counter=6400;
                 ;void main(void)
                 ; 0000 0020 {
                 
                 	.CSEG
                 _main:
                 ; .FSTART _main
                 ; 0000 0021 // Declare your local variables here
                 ; 0000 0022 
                 ; 0000 0023 // Input/Output Ports initialization
                 ; 0000 0024 // Port A initialization
                 ; 0000 0025 // Function: Bit7=In Bit6=In Bit5=In Bit4=In Bit3=In Bit2=In Bit1=In Bit0=In
                 ; 0000 0026 DDRA=0b00000000;
000060 e0e0      	LDI  R30,LOW(0)
000061 bbea      	OUT  0x1A,R30
                 ; 0000 0027 PORTA=0b00000000;
000062 bbeb      	OUT  0x1B,R30
                 ; 0000 0028 // Port B initialization
                 ; 0000 0029 // Function: Bit7=In Bit6=In Bit5=In Bit4=In Bit3=In Bit2=In Bit1=In Bit0=In
                 ; 0000 002A DDRB=(0<<DDB7) | (0<<DDB6) | (0<<DDB5) | (0<<DDB4) | (0<<DDB3) | (0<<DDB2) | (0<<DDB1) | (0<<DDB0);
000063 bbe7      	OUT  0x17,R30
                 ; 0000 002B // State: Bit7=T Bit6=T Bit5=T Bit4=T Bit3=T Bit2=T Bit1=T Bit0=T
                 ; 0000 002C PORTB=(0<<PORTB7) | (0<<PORTB6) | (0<<PORTB5) | (0<<PORTB4) | (0<<PORTB3) | (0<<PORTB2) | (0<<PORTB1) | (0<<PORTB0);
000064 bbe8      	OUT  0x18,R30
                 ; 0000 002D 
                 ; 0000 002E // Port C initialization
                 ; 0000 002F // Function: Bit7=In Bit6=In Bit5=In Bit4=In Bit3=In Bit2=In Bit1=In Bit0=In
                 ; 0000 0030 DDRC=(0<<DDC7) | (0<<DDC6) | (0<<DDC5) | (0<<DDC4) | (0<<DDC3) | (0<<DDC2) | (0<<DDC1) | (0<<DDC0);
000065 bbe4      	OUT  0x14,R30
                 ; 0000 0031 // State: Bit7=T Bit6=T Bit5=T Bit4=T Bit3=T Bit2=T Bit1=T Bit0=T
                 ; 0000 0032 PORTC=(0<<PORTC7) | (0<<PORTC6) | (0<<PORTC5) | (0<<PORTC4) | (0<<PORTC3) | (0<<PORTC2) | (0<<PORTC1) | (0<<PORTC0);
000066 bbe5      	OUT  0x15,R30
                 ; 0000 0033 
                 ; 0000 0034 // Port D initialization
                 ; 0000 0035 // Function: Bit7=In Bit6=In Bit5=In Bit4=In Bit3=In Bit2=In Bit1=In Bit0=In
                 ; 0000 0036 DDRD=(0<<DDD7) | (0<<DDD6) | (0<<DDD5) | (0<<DDD4) | (0<<DDD3) | (0<<DDD2) | (0<<DDD1) | (0<<DDD0);
000067 bbe1      	OUT  0x11,R30
                 ; 0000 0037 // State: Bit7=T Bit6=T Bit5=T Bit4=T Bit3=T Bit2=T Bit1=T Bit0=T
                 ; 0000 0038 PORTD=(0<<PORTD7) | (0<<PORTD6) | (0<<PORTD5) | (0<<PORTD4) | (0<<PORTD3) | (0<<PORTD2) | (0<<PORTD1) | (0<<PORTD0);
000068 bbe2      	OUT  0x12,R30
                 ; 0000 0039 
                 ; 0000 003A // Timer/Counter 0 initialization
                 ; 0000 003B // Clock source: System Clock
                 ; 0000 003C // Clock value: Timer 0 Stopped
                 ; 0000 003D // Mode: Normal top=0xFF
                 ; 0000 003E // OC0 output: Disconnected
                 ; 0000 003F TCCR0=0x01;
000069 e0e1      	LDI  R30,LOW(1)
00006a bfe3      	OUT  0x33,R30
                 ; 0000 0040 TCNT0=0x00;
00006b e0e0      	LDI  R30,LOW(0)
00006c bfe2      	OUT  0x32,R30
                 ; 0000 0041 OCR0=0x00;
00006d bfec      	OUT  0x3C,R30
                 ; 0000 0042 TIMSK=0x01;
00006e e0e1      	LDI  R30,LOW(1)
00006f bfe9      	OUT  0x39,R30
                 ; 0000 0043 // Timer/Counter 1 initialization
                 ; 0000 0044 // Clock source: System Clock
                 ; 0000 0045 // Clock value: Timer1 Stopped
                 ; 0000 0046 // Mode: Normal top=0xFFFF
                 ; 0000 0047 // OC1A output: Disconnected
                 ; 0000 0048 // OC1B output: Disconnected
                 ; 0000 0049 // Noise Canceler: Off
                 ; 0000 004A // Input Capture on Falling Edge
                 ; 0000 004B // Timer1 Overflow Interrupt: Off
                 ; 0000 004C // Input Capture Interrupt: Off
                 ; 0000 004D // Compare A Match Interrupt: Off
                 ; 0000 004E // Compare B Match Interrupt: Off
                 ; 0000 004F TCCR1A=(0<<COM1A1) | (0<<COM1A0) | (0<<COM1B1) | (0<<COM1B0) | (0<<WGM11) | (0<<WGM10);
000070 e0e0      	LDI  R30,LOW(0)
000071 bdef      	OUT  0x2F,R30
                 ; 0000 0050 TCCR1B=(0<<ICNC1) | (0<<ICES1) | (0<<WGM13) | (0<<WGM12) | (0<<CS12) | (0<<CS11) | (0<<CS10);
000072 bdee      	OUT  0x2E,R30
                 ; 0000 0051 TCNT1H=0x00;
000073 bded      	OUT  0x2D,R30
                 ; 0000 0052 TCNT1L=0x00;
000074 bdec      	OUT  0x2C,R30
                 ; 0000 0053 ICR1H=0x00;
000075 bde7      	OUT  0x27,R30
                 ; 0000 0054 ICR1L=0x00;
000076 bde6      	OUT  0x26,R30
                 ; 0000 0055 OCR1AH=0x00;
000077 bdeb      	OUT  0x2B,R30
                 ; 0000 0056 OCR1AL=0x00;
000078 bdea      	OUT  0x2A,R30
                 ; 0000 0057 OCR1BH=0x00;
000079 bde9      	OUT  0x29,R30
                 ; 0000 0058 OCR1BL=0x00;
00007a bde8      	OUT  0x28,R30
                 ; 0000 0059 
                 ; 0000 005A // Timer/Counter 2 initialization
                 ; 0000 005B // Clock source: System Clock
                 ; 0000 005C // Clock value: Timer2 Stopped
                 ; 0000 005D // Mode: Normal top=0xFF
                 ; 0000 005E // OC2 output: Disconnected
                 ; 0000 005F ASSR=0<<AS2;
00007b bde2      	OUT  0x22,R30
                 ; 0000 0060 TCCR2=(0<<PWM2) | (0<<COM21) | (0<<COM20) | (0<<CTC2) | (0<<CS22) | (0<<CS21) | (0<<CS20);
00007c bde5      	OUT  0x25,R30
                 ; 0000 0061 TCNT2=0x00;
00007d bde4      	OUT  0x24,R30
                 ; 0000 0062 OCR2=0x00;
00007e bde3      	OUT  0x23,R30
                 ; 0000 0063 
                 ; 0000 0064 // Timer(s)/Counter(s) Interrupt(s) initialization
                 ; 0000 0065 
                 ; 0000 0066 // External Interrupt(s) initialization
                 ; 0000 0067 // INT0: Off
                 ; 0000 0068 // INT1: Off
                 ; 0000 0069 // INT2: Off
                 ; 0000 006A MCUCR=(0<<ISC11) | (0<<ISC10) | (0<<ISC01) | (0<<ISC00);
00007f bfe5      	OUT  0x35,R30
                 ; 0000 006B MCUCSR=(0<<ISC2);
000080 bfe4      	OUT  0x34,R30
                 ; 0000 006C 
                 ; 0000 006D // USART initialization
                 ; 0000 006E // USART disabled
                 ; 0000 006F UCSRB=(0<<RXCIE) | (0<<TXCIE) | (0<<UDRIE) | (0<<RXEN) | (0<<TXEN) | (0<<UCSZ2) | (0<<RXB8) | (0<<TXB8);
000081 b9ea      	OUT  0xA,R30
                 ; 0000 0070 
                 ; 0000 0071 // Analog Comparator initialization
                 ; 0000 0072 // Analog Comparator: Off
                 ; 0000 0073 // The Analog Comparator's positive input is
                 ; 0000 0074 // connected to the AIN0 pin
                 ; 0000 0075 // The Analog Comparator's negative input is
                 ; 0000 0076 // connected to the AIN1 pin
                 ; 0000 0077 ACSR=(1<<ACD) | (0<<ACBG) | (0<<ACO) | (0<<ACI) | (0<<ACIE) | (0<<ACIC) | (0<<ACIS1) | (0<<ACIS0);
000082 e8e0      	LDI  R30,LOW(128)
000083 b9e8      	OUT  0x8,R30
                 ; 0000 0078 SFIOR=(0<<ACME);
000084 e0e0      	LDI  R30,LOW(0)
000085 bfe0      	OUT  0x30,R30
                 ; 0000 0079 
                 ; 0000 007A // ADC initialization
                 ; 0000 007B // ADC disabled
                 ; 0000 007C ADCSRA=(0<<ADEN) | (0<<ADSC) | (0<<ADATE) | (0<<ADIF) | (0<<ADIE) | (0<<ADPS2) | (0<<ADPS1) | (0<<ADPS0);
000086 b9e6      	OUT  0x6,R30
                 ; 0000 007D 
                 ; 0000 007E // SPI initialization
                 ; 0000 007F // SPI disabled
                 ; 0000 0080 SPCR=(0<<SPIE) | (0<<SPE) | (0<<DORD) | (0<<MSTR) | (0<<CPOL) | (0<<CPHA) | (0<<SPR1) | (0<<SPR0);
000087 b9ed      	OUT  0xD,R30
                 ; 0000 0081 
                 ; 0000 0082 // TWI initialization
                 ; 0000 0083 // TWI disabled
                 ; 0000 0084 TWCR=(0<<TWEA) | (0<<TWSTA) | (0<<TWSTO) | (0<<TWEN) | (0<<TWIE);
000088 bfe6      	OUT  0x36,R30
                 ; 0000 0085 
                 ; 0000 0086 // Alphanumeric LCD initialization
                 ; 0000 0087 // Connections are specified in the
                 ; 0000 0088 // Project|Configure|C Compiler|Libraries|Alphanumeric LCD menu:
                 ; 0000 0089 // RS - PORTA Bit 0
                 ; 0000 008A // RD - PORTA Bit 1
                 ; 0000 008B // EN - PORTA Bit 2
                 ; 0000 008C // D4 - PORTA Bit 4
                 ; 0000 008D // D5 - PORTA Bit 5
                 ; 0000 008E // D6 - PORTA Bit 6
                 ; 0000 008F // D7 - PORTA Bit 7
                 ; 0000 0090 // Characters/line: 20
                 ; 0000 0091 lcd_init(20);
000089 e1a4      	LDI  R26,LOW(20)
00008a d08c      	RCALL _lcd_init
                 ; 0000 0092 
                 ; 0000 0093 
                 ; 0000 0094 while (1)
                 _0x3:
                 ; 0000 0095       {
                 ; 0000 0096       // Place your code here
                 ; 0000 0097 
                 ; 0000 0098       }
00008b cfff      	RJMP _0x3
                 ; 0000 0099 }
                 _0x6:
00008c cfff      	RJMP _0x6
                 ; .FEND
                 ;interrupt [TIM0_OVF] void timer0_ovf_isr(void)
                 ; 0000 009B {
                 _timer0_ovf_isr:
                 ; .FSTART _timer0_ovf_isr
00008d 920a      	ST   -Y,R0
00008e 921a      	ST   -Y,R1
00008f 92fa      	ST   -Y,R15
000090 936a      	ST   -Y,R22
000091 937a      	ST   -Y,R23
000092 938a      	ST   -Y,R24
000093 939a      	ST   -Y,R25
000094 93aa      	ST   -Y,R26
000095 93ba      	ST   -Y,R27
000096 93ea      	ST   -Y,R30
000097 93fa      	ST   -Y,R31
000098 b7ef      	IN   R30,SREG
000099 93ea      	ST   -Y,R30
                 ; 0000 009C        counter++;
00009a 01f2      	MOVW R30,R4
00009b 9631      	ADIW R30,1
00009c 012f      	MOVW R4,R30
                 ; 0000 009D        if(counter % 100 == 0){
00009d 01d2      	MOVW R26,R4
00009e e6e4      	LDI  R30,LOW(100)
00009f e0f0      	LDI  R31,HIGH(100)
0000a0 940e 0172 	CALL __MODW21
0000a2 9730      	SBIW R30,0
0000a3 f4c1      	BRNE _0x7
                 ; 0000 009E               lcd_putchar(counter/100);
0000a4 01d2      	MOVW R26,R4
0000a5 e6e4      	LDI  R30,LOW(100)
0000a6 e0f0      	LDI  R31,HIGH(100)
0000a7 940e 016d 	CALL __DIVW21
0000a9 2fae      	MOV  R26,R30
0000aa d058      	RCALL _lcd_putchar
                 ; 0000 009F               if( counter == 2000) lcd_gotoxy(0,1);
0000ab ede0      	LDI  R30,LOW(2000)
0000ac e0f7      	LDI  R31,HIGH(2000)
0000ad 15e4      	CP   R30,R4
0000ae 05f5      	CPC  R31,R5
0000af f421      	BRNE _0x8
0000b0 e0e0      	LDI  R30,LOW(0)
0000b1 93ea      	ST   -Y,R30
0000b2 e0a1      	LDI  R26,LOW(1)
0000b3 d038      	RCALL _lcd_gotoxy
                 ; 0000 00A0               if(counter == 9100) {
                 _0x8:
0000b4 e8ec      	LDI  R30,LOW(9100)
0000b5 e2f3      	LDI  R31,HIGH(9100)
0000b6 15e4      	CP   R30,R4
0000b7 05f5      	CPC  R31,R5
0000b8 f419      	BRNE _0x9
                 ; 0000 00A1                     TCCR0=0x00;
0000b9 e0e0      	LDI  R30,LOW(0)
0000ba bfe3      	OUT  0x33,R30
                 ; 0000 00A2                     TIMSK=0x00;
0000bb bfe9      	OUT  0x39,R30
                 ; 0000 00A3               }
                 ; 0000 00A4 
                 ; 0000 00A5        }
                 _0x9:
                 ; 0000 00A6        TCNT0=0x00;
                 _0x7:
0000bc e0e0      	LDI  R30,LOW(0)
0000bd bfe2      	OUT  0x32,R30
                 ; 0000 00A7 }
0000be 91e9      	LD   R30,Y+
0000bf bfef      	OUT  SREG,R30
0000c0 91f9      	LD   R31,Y+
0000c1 91e9      	LD   R30,Y+
0000c2 91b9      	LD   R27,Y+
0000c3 91a9      	LD   R26,Y+
0000c4 9199      	LD   R25,Y+
0000c5 9189      	LD   R24,Y+
0000c6 9179      	LD   R23,Y+
0000c7 9169      	LD   R22,Y+
0000c8 90f9      	LD   R15,Y+
0000c9 9019      	LD   R1,Y+
0000ca 9009      	LD   R0,Y+
0000cb 9518      	RETI
                 ; .FEND
                 	#ifndef __SLEEP_DEFINED__
                 	#endif
                 
                 	.DSEG
                 
                 	.CSEG
                 __lcd_write_nibble_G100:
                 ; .FSTART __lcd_write_nibble_G100
0000cc 93aa      	ST   -Y,R26
0000cd b3eb      	IN   R30,0x1B
0000ce 70ef      	ANDI R30,LOW(0xF)
0000cf 2fae      	MOV  R26,R30
0000d0 81e8      	LD   R30,Y
0000d1 7fe0      	ANDI R30,LOW(0xF0)
0000d2 2bea      	OR   R30,R26
0000d3 bbeb      	OUT  0x1B,R30
                +
0000d4 e082     +LDI R24 , LOW ( 2 )
                +__DELAY_USB_LOOP :
0000d5 958a     +DEC R24
0000d6 f7f1     +BRNE __DELAY_USB_LOOP
                 	__DELAY_USB 2
0000d7 9ada      	SBI  0x1B,2
                +
0000d8 e082     +LDI R24 , LOW ( 2 )
                +__DELAY_USB_LOOP :
0000d9 958a     +DEC R24
0000da f7f1     +BRNE __DELAY_USB_LOOP
                 	__DELAY_USB 2
0000db 98da      	CBI  0x1B,2
                +
0000dc e082     +LDI R24 , LOW ( 2 )
                +__DELAY_USB_LOOP :
0000dd 958a     +DEC R24
0000de f7f1     +BRNE __DELAY_USB_LOOP
                 	__DELAY_USB 2
0000df c05f      	RJMP _0x2020001
                 ; .FEND
                 __lcd_write_data:
                 ; .FSTART __lcd_write_data
0000e0 93aa      	ST   -Y,R26
0000e1 81a8      	LD   R26,Y
0000e2 dfe9      	RCALL __lcd_write_nibble_G100
0000e3 81e8          ld    r30,y
0000e4 95e2          swap  r30
0000e5 83e8          st    y,r30
0000e6 81a8      	LD   R26,Y
0000e7 dfe4      	RCALL __lcd_write_nibble_G100
                +
0000e8 e181     +LDI R24 , LOW ( 17 )
                +__DELAY_USB_LOOP :
0000e9 958a     +DEC R24
0000ea f7f1     +BRNE __DELAY_USB_LOOP
                 	__DELAY_USB 17
0000eb c053      	RJMP _0x2020001
                 ; .FEND
                 _lcd_gotoxy:
                 ; .FSTART _lcd_gotoxy
0000ec 93aa      	ST   -Y,R26
0000ed 81e8      	LD   R30,Y
0000ee e0f0      	LDI  R31,0
0000ef 5ae0      	SUBI R30,LOW(-__base_y_G100)
0000f0 4ffe      	SBCI R31,HIGH(-__base_y_G100)
0000f1 81e0      	LD   R30,Z
0000f2 81a9      	LDD  R26,Y+1
0000f3 0fae      	ADD  R26,R30
0000f4 dfeb      	RCALL __lcd_write_data
0000f5 8079      	LDD  R7,Y+1
0000f6 8068      	LDD  R6,Y+0
0000f7 9622      	ADIW R28,2
0000f8 9508      	RET
                 ; .FEND
                 _lcd_clear:
                 ; .FSTART _lcd_clear
0000f9 e0a2      	LDI  R26,LOW(2)
0000fa d046      	RCALL SUBOPT_0x0
0000fb e0ac      	LDI  R26,LOW(12)
0000fc dfe3      	RCALL __lcd_write_data
0000fd e0a1      	LDI  R26,LOW(1)
0000fe d042      	RCALL SUBOPT_0x0
0000ff e0e0      	LDI  R30,LOW(0)
000100 2e6e      	MOV  R6,R30
000101 2e7e      	MOV  R7,R30
000102 9508      	RET
                 ; .FEND
                 _lcd_putchar:
                 ; .FSTART _lcd_putchar
000103 93aa      	ST   -Y,R26
000104 81a8      	LD   R26,Y
000105 30aa      	CPI  R26,LOW(0xA)
000106 f011      	BREQ _0x2000005
000107 1479      	CP   R7,R9
000108 f040      	BRLO _0x2000004
                 _0x2000005:
000109 e0e0      	LDI  R30,LOW(0)
00010a 93ea      	ST   -Y,R30
00010b 9463      	INC  R6
00010c 2da6      	MOV  R26,R6
00010d dfde      	RCALL _lcd_gotoxy
00010e 81a8      	LD   R26,Y
00010f 30aa      	CPI  R26,LOW(0xA)
000110 f171      	BREQ _0x2020001
                 _0x2000004:
000111 9473      	INC  R7
000112 9ad8      	SBI  0x1B,0
000113 81a8      	LD   R26,Y
000114 dfcb      	RCALL __lcd_write_data
000115 98d8      	CBI  0x1B,0
000116 c028      	RJMP _0x2020001
                 ; .FEND
                 _lcd_init:
                 ; .FSTART _lcd_init
000117 93aa      	ST   -Y,R26
000118 b3ea      	IN   R30,0x1A
000119 6fe0      	ORI  R30,LOW(0xF0)
00011a bbea      	OUT  0x1A,R30
00011b 9ad2      	SBI  0x1A,2
00011c 9ad0      	SBI  0x1A,0
00011d 9ad1      	SBI  0x1A,1
00011e 98da      	CBI  0x1B,2
00011f 98d8      	CBI  0x1B,0
000120 98d9      	CBI  0x1B,1
000121 8098      	LDD  R9,Y+0
000122 81e8      	LD   R30,Y
000123 58e0      	SUBI R30,-LOW(128)
                +
000124 93e0 0162+STS __base_y_G100 + ( 2 ) , R30
                 	__PUTB1MN __base_y_G100,2
000126 81e8      	LD   R30,Y
000127 54e0      	SUBI R30,-LOW(192)
                +
000128 93e0 0163+STS __base_y_G100 + ( 3 ) , R30
                 	__PUTB1MN __base_y_G100,3
00012a e1a4      	LDI  R26,LOW(20)
00012b e0b0      	LDI  R27,0
00012c 940e 014c 	CALL _delay_ms
00012e d017      	RCALL SUBOPT_0x1
00012f d016      	RCALL SUBOPT_0x1
000130 d015      	RCALL SUBOPT_0x1
000131 e2a0      	LDI  R26,LOW(32)
000132 df99      	RCALL __lcd_write_nibble_G100
                +
000133 e281     +LDI R24 , LOW ( 33 )
                +__DELAY_USB_LOOP :
000134 958a     +DEC R24
000135 f7f1     +BRNE __DELAY_USB_LOOP
                 	__DELAY_USB 33
000136 e2a8      	LDI  R26,LOW(40)
000137 dfa8      	RCALL __lcd_write_data
000138 e0a4      	LDI  R26,LOW(4)
000139 dfa6      	RCALL __lcd_write_data
00013a e8a5      	LDI  R26,LOW(133)
00013b dfa4      	RCALL __lcd_write_data
00013c e0a6      	LDI  R26,LOW(6)
00013d dfa2      	RCALL __lcd_write_data
00013e dfba      	RCALL _lcd_clear
                 _0x2020001:
00013f 9621      	ADIW R28,1
000140 9508      	RET
                 ; .FEND
                 
                 	.DSEG
                 __base_y_G100:
000160           	.BYTE 0x4
                 
                 	.CSEG
                 ;OPTIMIZER ADDED SUBROUTINE, CALLED 2 TIMES, CODE SIZE REDUCTION:1 WORDS
                 SUBOPT_0x0:
000141 df9e      	RCALL __lcd_write_data
000142 e0a3      	LDI  R26,LOW(3)
000143 e0b0      	LDI  R27,0
000144 940c 014c 	JMP  _delay_ms
                 
                 ;OPTIMIZER ADDED SUBROUTINE, CALLED 3 TIMES, CODE SIZE REDUCTION:5 WORDS
                 SUBOPT_0x1:
000146 e3a0      	LDI  R26,LOW(48)
000147 df84      	RCALL __lcd_write_nibble_G100
                +
000148 e281     +LDI R24 , LOW ( 33 )
                +__DELAY_USB_LOOP :
000149 958a     +DEC R24
00014a f7f1     +BRNE __DELAY_USB_LOOP
                 	__DELAY_USB 33
00014b 9508      	RET
                 
                 
                 	.CSEG
                 _delay_ms:
00014c 9610      	adiw r26,0
00014d f039      	breq __delay_ms1
                 __delay_ms0:
                +
00014e ef8a     +LDI R24 , LOW ( 0xFA )
00014f e090     +LDI R25 , HIGH ( 0xFA )
                +__DELAY_USW_LOOP :
000150 9701     +SBIW R24 , 1
000151 f7f1     +BRNE __DELAY_USW_LOOP
                 	__DELAY_USW 0xFA
000152 95a8      	wdr
000153 9711      	sbiw r26,1
000154 f7c9      	brne __delay_ms0
                 __delay_ms1:
000155 9508      	ret
                 
                 __ANEGW1:
000156 95f1      	NEG  R31
000157 95e1      	NEG  R30
000158 40f0      	SBCI R31,0
000159 9508      	RET
                 
                 __DIVW21U:
00015a 2400      	CLR  R0
00015b 2411      	CLR  R1
00015c e190      	LDI  R25,16
                 __DIVW21U1:
00015d 0faa      	LSL  R26
00015e 1fbb      	ROL  R27
00015f 1c00      	ROL  R0
000160 1c11      	ROL  R1
000161 1a0e      	SUB  R0,R30
000162 0a1f      	SBC  R1,R31
000163 f418      	BRCC __DIVW21U2
000164 0e0e      	ADD  R0,R30
000165 1e1f      	ADC  R1,R31
000166 c001      	RJMP __DIVW21U3
                 __DIVW21U2:
000167 60a1      	SBR  R26,1
                 __DIVW21U3:
000168 959a      	DEC  R25
000169 f799      	BRNE __DIVW21U1
00016a 01fd      	MOVW R30,R26
00016b 01d0      	MOVW R26,R0
00016c 9508      	RET
                 
                 __DIVW21:
00016d d012      	RCALL __CHKSIGNW
00016e dfeb      	RCALL __DIVW21U
00016f f40e      	BRTC __DIVW211
000170 dfe5      	RCALL __ANEGW1
                 __DIVW211:
000171 9508      	RET
                 
                 __MODW21:
000172 94e8      	CLT
000173 ffb7      	SBRS R27,7
000174 c004      	RJMP __MODW211
000175 95a0      	COM  R26
000176 95b0      	COM  R27
000177 9611      	ADIW R26,1
000178 9468      	SET
                 __MODW211:
000179 fdf7      	SBRC R31,7
00017a dfdb      	RCALL __ANEGW1
00017b dfde      	RCALL __DIVW21U
00017c 01fd      	MOVW R30,R26
00017d f40e      	BRTC __MODW212
00017e dfd7      	RCALL __ANEGW1
                 __MODW212:
00017f 9508      	RET
                 
                 __CHKSIGNW:
000180 94e8      	CLT
000181 fff7      	SBRS R31,7
000182 c002      	RJMP __CHKSW1
000183 dfd2      	RCALL __ANEGW1
000184 9468      	SET
                 __CHKSW1:
000185 ffb7      	SBRS R27,7
000186 c006      	RJMP __CHKSW2
000187 95a0      	COM  R26
000188 95b0      	COM  R27
000189 9611      	ADIW R26,1
00018a f800      	BLD  R0,0
00018b 9403      	INC  R0
00018c fa00      	BST  R0,0
                 __CHKSW2:
00018d 9508      	RET
                 
                 ;END OF CODE MARKER
                 __END_OF_CODE:


RESOURCE USE INFORMATION
------------------------

Notice:
The register and instruction counts are symbol table hit counts,
and hence implicitly used resources are not counted, eg, the
'lpm' instruction without operands implicitly uses r0 and z,
none of which are counted.

x,y,z are separate entities in the symbol table and are
counted separately from r26..r31 here.

.dseg memory usage only counts static data declared with .byte

ATmega16 register use summary:
r0 :  14 r1 :   7 r2 :   0 r3 :   0 r4 :   6 r5 :   2 r6 :   4 r7 :   4 
r8 :   0 r9 :   2 r10:   0 r11:   0 r12:   0 r13:   0 r14:   0 r15:   2 
r16:   0 r17:   0 r18:   0 r19:   0 r20:   0 r21:   0 r22:   4 r23:   2 
r24:  23 r25:   7 r26:  49 r27:  11 r28:   3 r29:   1 r30: 112 r31:  19 
x  :   3 y  :  46 z  :   8 
Registers used: 21 out of 35 (60.0%)

ATmega16 instruction use summary:
.lds  :   0 .lds.l:   0 .sts  :   0 .sts.l:   0 adc   :   1 add   :   2 
adiw  :   6 and   :   0 andi  :   2 asr   :   0 bclr  :   0 bld   :   1 
brbc  :   0 brbs  :   0 brcc  :   1 brcs  :   0 break :   0 breq  :   4 
brge  :   0 brhc  :   0 brhs  :   0 brid  :   0 brie  :   0 brlo  :   1 
brlt  :   0 brmi  :   0 brne  :  15 brpl  :   0 brsh  :   0 brtc  :   2 
brts  :   0 brvc  :   0 brvs  :   0 bset  :   0 bst   :   1 call  :   3 
cbi   :   5 cbr   :   0 clc   :   0 clh   :   0 cli   :   1 cln   :   0 
clr   :   4 cls   :   0 clt   :   2 clv   :   0 clz   :   0 com   :   4 
cp    :   3 cpc   :   2 cpi   :   2 cpse  :   0 dec   :   8 des   :   0 
eor   :   0 fmul  :   0 fmuls :   0 fmulsu:   0 icall :   0 ijmp  :   0 
in    :   3 inc   :   3 jmp   :  23 ld    :  23 ldd   :   4 ldi   :  57 
lds   :   0 lpm   :   7 lsl   :   1 lsr   :   0 mov   :   5 movw  :  10 
mul   :   0 muls  :   0 mulsu :   0 neg   :   2 nop   :   0 or    :   1 
ori   :   1 out   :  46 pop   :   0 push  :   0 rcall :  29 ret   :  10 
reti  :   1 rjmp  :  10 rol   :   3 ror   :   0 sbc   :   1 sbci  :   2 
sbi   :   5 sbic  :   0 sbis  :   0 sbiw  :   6 sbr   :   1 sbrc  :   1 
sbrs  :   3 sec   :   0 seh   :   0 sei   :   0 sen   :   0 ser   :   0 
ses   :   0 set   :   2 sev   :   0 sez   :   0 sleep :   0 spm   :   0 
st    :  23 std   :   0 sts   :   2 sub   :   1 subi  :   3 swap  :   1 
tst   :   0 wdr   :   1 
Instructions used: 54 out of 116 (46.6%)

ATmega16 memory use summary [bytes]:
Segment   Begin    End      Code   Data   Used    Size   Use%
---------------------------------------------------------------
[.cseg] 0x000000 0x00031c    778     18    796   16384   4.9%
[.dseg] 0x000060 0x000164      0      4      4    1024   0.4%
[.eseg] 0x000000 0x000000      0      0      0     512   0.0%

Assembly complete, 0 errors, 5 warnings
